2014/06/18 16:18:55 [error] [php] htmlspecialchars() expects parameter 1 to be string, object given (E:\project\yii\framework\web\helpers\CHtml.php:108)
Stack trace:
#0 E:\project\yii\framework\utils\CFormatter.php(128): CFormatter->formatText()
#1 E:\project\yii\framework\zii\widgets\CDetailView.php(220): CFormatter->format()
#2 E:\project\yii\framework\web\CBaseController.php(181): CDetailView->run()
#3 E:\project\car\protected\views\member\view.php(19): MemberController->widget()
#4 E:\project\yii\framework\web\CBaseController.php(126): require()
#5 E:\project\yii\framework\web\CBaseController.php(95): MemberController->renderInternal()
#6 E:\project\yii\framework\web\CController.php(869): MemberController->renderFile()
#7 E:\project\yii\framework\web\CController.php(782): MemberController->renderPartial()
#8 E:\project\car\protected\controllers\MemberController.php(61): MemberController->render()
#9 unknown(0): MemberController->actionView()
#10 E:\project\yii\framework\web\actions\CAction.php(108): ReflectionMethod->invokeArgs()
#11 E:\project\yii\framework\web\actions\CInlineAction.php(47): CInlineAction->runWithParamsInternal()
#12 E:\project\yii\framework\web\CController.php(308): CInlineAction->runWithParams()
#13 E:\project\yii\framework\web\filters\CFilterChain.php(133): MemberController->runAction()
#14 E:\project\yii\framework\web\filters\CFilter.php(40): CFilterChain->run()
#15 E:\project\yii\framework\web\CController.php(1145): CAccessControlFilter->filter()
#16 E:\project\yii\framework\web\filters\CInlineFilter.php(58): MemberController->filterAccessControl()
#17 E:\project\yii\framework\web\filters\CFilterChain.php(130): CInlineFilter->filter()
#18 E:\project\yii\framework\web\CController.php(291): CFilterChain->run()
#19 E:\project\yii\framework\web\CController.php(265): MemberController->runActionWithFilters()
#20 E:\project\yii\framework\web\CWebApplication.php(282): MemberController->run()
#21 E:\project\yii\framework\web\CWebApplication.php(141): CWebApplication->runController()
#22 E:\project\yii\framework\base\CApplication.php(184): CWebApplication->processRequest()
#23 E:\project\car\index.php(13): CWebApplication->run()
REQUEST_URI=/member/1.html
in E:\project\car\protected\views\member\view.php (19)
in E:\project\car\protected\controllers\MemberController.php (61)
in E:\project\car\index.php (13)
2014/06/18 16:25:04 [error] [php] Undefined variable: origin_name (E:\project\car\protected\models\Member.php:64)
Stack trace:
#0 E:\project\yii\framework\web\CBaseController.php(181): CDetailView->run()
#1 E:\project\car\protected\views\member\view.php(19): MemberController->widget()
#2 E:\project\yii\framework\web\CBaseController.php(126): require()
#3 E:\project\yii\framework\web\CBaseController.php(95): MemberController->renderInternal()
#4 E:\project\yii\framework\web\CController.php(869): MemberController->renderFile()
#5 E:\project\yii\framework\web\CController.php(782): MemberController->renderPartial()
#6 E:\project\car\protected\controllers\MemberController.php(61): MemberController->render()
#7 unknown(0): MemberController->actionView()
#8 E:\project\yii\framework\web\actions\CAction.php(108): ReflectionMethod->invokeArgs()
#9 E:\project\yii\framework\web\actions\CInlineAction.php(47): CInlineAction->runWithParamsInternal()
#10 E:\project\yii\framework\web\CController.php(308): CInlineAction->runWithParams()
#11 E:\project\yii\framework\web\filters\CFilterChain.php(133): MemberController->runAction()
#12 E:\project\yii\framework\web\filters\CFilter.php(40): CFilterChain->run()
#13 E:\project\yii\framework\web\CController.php(1145): CAccessControlFilter->filter()
#14 E:\project\yii\framework\web\filters\CInlineFilter.php(58): MemberController->filterAccessControl()
#15 E:\project\yii\framework\web\filters\CFilterChain.php(130): CInlineFilter->filter()
#16 E:\project\yii\framework\web\CController.php(291): CFilterChain->run()
#17 E:\project\yii\framework\web\CController.php(265): MemberController->runActionWithFilters()
#18 E:\project\yii\framework\web\CWebApplication.php(282): MemberController->run()
#19 E:\project\yii\framework\web\CWebApplication.php(141): CWebApplication->runController()
#20 E:\project\yii\framework\base\CApplication.php(184): CWebApplication->processRequest()
#21 E:\project\car\index.php(13): CWebApplication->run()
REQUEST_URI=/member/1.html
in E:\project\car\protected\models\Member.php (64)
in E:\project\car\protected\views\member\view.php (19)
in E:\project\car\protected\controllers\MemberController.php (61)
2014/06/18 16:26:40 [error] [php] htmlspecialchars() expects parameter 1 to be string, object given (E:\project\yii\framework\web\helpers\CHtml.php:108)
Stack trace:
#0 E:\project\yii\framework\utils\CFormatter.php(128): CFormatter->formatText()
#1 E:\project\yii\framework\zii\widgets\CDetailView.php(220): CFormatter->format()
#2 E:\project\yii\framework\web\CBaseController.php(181): CDetailView->run()
#3 E:\project\car\protected\views\member\view.php(19): MemberController->widget()
#4 E:\project\yii\framework\web\CBaseController.php(126): require()
#5 E:\project\yii\framework\web\CBaseController.php(95): MemberController->renderInternal()
#6 E:\project\yii\framework\web\CController.php(869): MemberController->renderFile()
#7 E:\project\yii\framework\web\CController.php(782): MemberController->renderPartial()
#8 E:\project\car\protected\controllers\MemberController.php(61): MemberController->render()
#9 unknown(0): MemberController->actionView()
#10 E:\project\yii\framework\web\actions\CAction.php(108): ReflectionMethod->invokeArgs()
#11 E:\project\yii\framework\web\actions\CInlineAction.php(47): CInlineAction->runWithParamsInternal()
#12 E:\project\yii\framework\web\CController.php(308): CInlineAction->runWithParams()
#13 E:\project\yii\framework\web\filters\CFilterChain.php(133): MemberController->runAction()
#14 E:\project\yii\framework\web\filters\CFilter.php(40): CFilterChain->run()
#15 E:\project\yii\framework\web\CController.php(1145): CAccessControlFilter->filter()
#16 E:\project\yii\framework\web\filters\CInlineFilter.php(58): MemberController->filterAccessControl()
#17 E:\project\yii\framework\web\filters\CFilterChain.php(130): CInlineFilter->filter()
#18 E:\project\yii\framework\web\CController.php(291): CFilterChain->run()
#19 E:\project\yii\framework\web\CController.php(265): MemberController->runActionWithFilters()
#20 E:\project\yii\framework\web\CWebApplication.php(282): MemberController->run()
#21 E:\project\yii\framework\web\CWebApplication.php(141): CWebApplication->runController()
#22 E:\project\yii\framework\base\CApplication.php(184): CWebApplication->processRequest()
#23 E:\project\car\index.php(13): CWebApplication->run()
REQUEST_URI=/member/2.html
in E:\project\car\protected\views\member\view.php (19)
in E:\project\car\protected\controllers\MemberController.php (61)
in E:\project\car\index.php (13)
2014/06/18 16:34:05 [error] [exception.CHttpException.404] exception 'CHttpException' with message '系统无法找到请求的 "booking" 动作.' in E:\project\yii\framework\web\CController.php:483
Stack trace:
#0 E:\project\yii\framework\web\CController.php(270): CController->missingAction('booking')
#1 E:\project\yii\framework\web\CWebApplication.php(282): CController->run('booking')
#2 E:\project\yii\framework\web\CWebApplication.php(141): CWebApplication->runController('site/booking')
#3 E:\project\yii\framework\base\CApplication.php(184): CWebApplication->processRequest()
#4 E:\project\car\index.php(13): CApplication->run()
#5 {main}
REQUEST_URI=/site/booking
HTTP_REFERER=http://car.com/member/create
---
